# JRE version: OpenJDK Runtime Environment Temurin-21.0.7+6 (21.0.7+6) (build 21.0.7+6-LTS)
# Java VM: OpenJDK 64-Bit Server VM Temurin-21.0.7+6 (21.0.7+6-LTS, mixed mode, sharing, tiered, compressed oops, compressed class ptrs, g1 gc, windows-amd64)
GC Precious Log:
 CardTable entry size: 512
 Card Set container configuration: InlinePtr #cards 5 size 8 Array Of Cards #cards 12 size 40 Howl #buckets 4 coarsen threshold 1843 Howl Bitmap #cards 512 size 80 coarsen threshold 460 Card regions per heap region 1 cards per card region 2048
 CPUs: 4 total, 4 available
 Memory: 6035M
 Large Page Support: Disabled
 NUMA Support: Disabled
 Compressed Oops: Enabled (32-bit)
 Heap Region Size: 1M
 Heap Min Capacity: 8M
 Heap Initial Capacity: 96M
 Heap Max Capacity: 1510M
 Pre-touch: Disabled
 Parallel Workers: 4
 Concurrent Workers: 1
 Concurrent Refinement Workers: 4
 Periodic GC: Disabled
Heap:
 garbage-first heap   total 54272K, used 38086K [0x00000000a1a00000, 0x0000000100000000)
  region size 1024K, 14 young (14336K), 3 survivors (3072K)
 Metaspace       used 30670K, committed 31104K, reserved 1114112K
  class space    used 3453K, committed 3648K, reserved 1048576K
GC Heap History (20 events):
Event: 1.446 GC heap before
{Heap before GC invocations=1 (full 0):
 garbage-first heap   total 98304K, used 19599K [0x00000000a1a00000, 0x0000000100000000)
  region size 1024K, 18 young (18432K), 2 survivors (2048K)
 Metaspace       used 6351K, committed 6528K, reserved 1114112K
  class space    used 736K, committed 832K, reserved 1048576K
}
Event: 1.453 GC heap after
{Heap after GC invocations=2 (full 0):
 garbage-first heap   total 98304K, used 4157K [0x00000000a1a00000, 0x0000000100000000)
  region size 1024K, 1 young (1024K), 1 survivors (1024K)
 Metaspace       used 6351K, committed 6528K, reserved 1114112K
  class space    used 736K, committed 832K, reserved 1048576K
}
Event: 4.692 GC heap before
{Heap before GC invocations=2 (full 0):
 garbage-first heap   total 98304K, used 60477K [0x00000000a1a00000, 0x0000000100000000)
  region size 1024K, 57 young (58368K), 1 survivors (1024K)
 Metaspace       used 15723K, committed 15872K, reserved 1114112K
  class space    used 1851K, committed 1920K, reserved 1048576K
}
Event: 4.709 GC heap after
{Heap after GC invocations=3 (full 0):
 garbage-first heap   total 98304K, used 8863K [0x00000000a1a00000, 0x0000000100000000)
  region size 1024K, 6 young (6144K), 6 survivors (6144K)
 Metaspace       used 15723K, committed 15872K, reserved 1114112K
  class space    used 1851K, committed 1920K, reserved 1048576K
}
Event: 19.610 GC heap before
{Heap before GC invocations=3 (full 0):
 garbage-first heap   total 98304K, used 58015K [0x00000000a1a00000, 0x0000000100000000)
  region size 1024K, 56 young (57344K), 6 survivors (6144K)
 Metaspace       used 21232K, committed 21504K, reserved 1114112K
  class space    used 2476K, committed 2560K, reserved 1048576K
}
Event: 19.637 GC heap after
{Heap after GC invocations=4 (full 0):
 garbage-first heap   total 98304K, used 12255K [0x00000000a1a00000, 0x0000000100000000)
  region size 1024K, 4 young (4096K), 4 survivors (4096K)
 Metaspace       used 21232K, committed 21504K, reserved 1114112K
  class space    used 2476K, committed 2560K, reserved 1048576K
}
Event: 21.475 GC heap before
{Heap before GC invocations=5 (full 0):
 garbage-first heap   total 45056K, used 34783K [0x00000000a1a00000, 0x0000000100000000)
  region size 1024K, 26 young (26624K), 4 survivors (4096K)
 Metaspace       used 25576K, committed 25856K, reserved 1114112K
  class space    used 2936K, committed 3072K, reserved 1048576K
}
Event: 21.489 GC heap after
{Heap after GC invocations=6 (full 0):
 garbage-first heap   total 45056K, used 15225K [0x00000000a1a00000, 0x0000000100000000)
  region size 1024K, 4 young (4096K), 4 survivors (4096K)
 Metaspace       used 25576K, committed 25856K, reserved 1114112K
  class space    used 2936K, committed 3072K, reserved 1048576K
}
Event: 22.446 GC heap before
{Heap before GC invocations=6 (full 0):
 garbage-first heap   total 45056K, used 33657K [0x00000000a1a00000, 0x0000000100000000)
  region size 1024K, 23 young (23552K), 4 survivors (4096K)
 Metaspace       used 26253K, committed 26560K, reserved 1114112K
  class space    used 3001K, committed 3136K, reserved 1048576K
}
Event: 22.464 GC heap after
{Heap after GC invocations=7 (full 0):
 garbage-first heap   total 45056K, used 19456K [0x00000000a1a00000, 0x0000000100000000)
  region size 1024K, 3 young (3072K), 3 survivors (3072K)
 Metaspace       used 26253K, committed 26560K, reserved 1114112K
  class space    used 3001K, committed 3136K, reserved 1048576K
}
Event: 23.428 GC heap before
{Heap before GC invocations=7 (full 0):
 garbage-first heap   total 45056K, used 35840K [0x00000000a1a00000, 0x0000000100000000)
  region size 1024K, 19 young (19456K), 3 survivors (3072K)
 Metaspace       used 26434K, committed 26752K, reserved 1114112K
  class space    used 3002K, committed 3136K, reserved 1048576K
}
Event: 23.445 GC heap after
{Heap after GC invocations=8 (full 0):
 garbage-first heap   total 45056K, used 22442K [0x00000000a1a00000, 0x0000000100000000)
  region size 1024K, 3 young (3072K), 3 survivors (3072K)
 Metaspace       used 26434K, committed 26752K, reserved 1114112K
  class space    used 3002K, committed 3136K, reserved 1048576K
}
Event: 25.656 GC heap before
{Heap before GC invocations=8 (full 0):
 garbage-first heap   total 45056K, used 35754K [0x00000000a1a00000, 0x0000000100000000)
  region size 1024K, 17 young (17408K), 3 survivors (3072K)
 Metaspace       used 27799K, committed 28160K, reserved 1114112K
  class space    used 3167K, committed 3328K, reserved 1048576K
}
Event: 25.674 GC heap after
{Heap after GC invocations=9 (full 0):
 garbage-first heap   total 54272K, used 24576K [0x00000000a1a00000, 0x0000000100000000)
  region size 1024K, 2 young (2048K), 2 survivors (2048K)
 Metaspace       used 27799K, committed 28160K, reserved 1114112K
  class space    used 3167K, committed 3328K, reserved 1048576K
}
Event: 26.901 GC heap before
{Heap before GC invocations=9 (full 0):
 garbage-first heap   total 54272K, used 45056K [0x00000000a1a00000, 0x0000000100000000)
  region size 1024K, 22 young (22528K), 2 survivors (2048K)
 Metaspace       used 28845K, committed 29248K, reserved 1114112K
  class space    used 3233K, committed 3392K, reserved 1048576K
}
Event: 26.912 GC heap after
{Heap after GC invocations=10 (full 0):
 garbage-first heap   total 54272K, used 25809K [0x00000000a1a00000, 0x0000000100000000)
  region size 1024K, 2 young (2048K), 2 survivors (2048K)
 Metaspace       used 28845K, committed 29248K, reserved 1114112K
  class space    used 3233K, committed 3392K, reserved 1048576K
}
Event: 28.424 GC heap before
{Heap before GC invocations=10 (full 0):
 garbage-first heap   total 54272K, used 45265K [0x00000000a1a00000, 0x0000000100000000)
  region size 1024K, 21 young (21504K), 2 survivors (2048K)
 Metaspace       used 29150K, committed 29504K, reserved 1114112K
  class space    used 3243K, committed 3392K, reserved 1048576K
}
Event: 28.433 GC heap after
{Heap after GC invocations=11 (full 0):
 garbage-first heap   total 54272K, used 27030K [0x00000000a1a00000, 0x0000000100000000)
  region size 1024K, 3 young (3072K), 3 survivors (3072K)
 Metaspace       used 29150K, committed 29504K, reserved 1114112K
  class space    used 3243K, committed 3392K, reserved 1048576K
}
Event: 29.691 GC heap before
{Heap before GC invocations=12 (full 0):
 garbage-first heap   total 54272K, used 46486K [0x00000000a1a00000, 0x0000000100000000)
  region size 1024K, 22 young (22528K), 3 survivors (3072K)
 Metaspace       used 29347K, committed 29696K, reserved 1114112K
  class space    used 3250K, committed 3392K, reserved 1048576K
}
Event: 29.699 GC heap after
{Heap after GC invocations=13 (full 0):
 garbage-first heap   total 54272K, used 27846K [0x00000000a1a00000, 0x0000000100000000)
  region size 1024K, 3 young (3072K), 3 survivors (3072K)
 Metaspace       used 29347K, committed 29696K, reserved 1114112K
  class space    used 3250K, committed 3392K, reserved 1048576K
}

